<?xml version="1.0" encoding="UTF-8"?>
<testsuite xmlns:xsi="http://www.w3.org/2001/XMLSchema-instance" xsi:noNamespaceSchemaLocation="https://maven.apache.org/surefire/maven-surefire-plugin/xsd/surefire-test-report-3.0.xsd" version="3.0" name="com.example.event_review.EventReviewApplicationTests" time="7.54" tests="1" errors="0" skipped="0" failures="0">
  <properties>
[...]
</properties>
  <testcase name="contextLoads" classname="com.example.event_review.EventReviewApplicationTests" time="0.597">
    <system-out><![CDATA[04:19:42.977 [main] INFO org.springframework.test.context.support.AnnotationConfigContextLoaderUtils -- Could not detect default configuration classes for test class [com.example.event_review.EventReviewApplicationTests]: EventReviewApplicationTests does not declare any static, non-private, non-final, nested classes annotated with @Configuration.
04:19:43.191 [main] INFO org.springframework.boot.test.context.SpringBootTestContextBootstrapper -- Found @SpringBootConfiguration com.example.event_review.EventReviewApplication for test class com.example.event_review.EventReviewApplicationTests

  .   ____          _            __ _ _
 /\\ / ___'_ __ _ _(_)_ __  __ _ \ \ \ \
( ( )\___ | '_ | '_| | '_ \/ _` | \ \ \ \
 \\/  ___)| |_)| | | | | || (_| |  ) ) ) )
  '  |____| .__|_| |_|_| |_\__, | / / / /
 =========|_|==============|___/=/_/_/_/

 :: Spring Boot ::                (v3.3.5)

2024-12-28T04:19:43.654Z  INFO 1396413 --- [event-review] [           main] c.e.e.EventReviewApplicationTests        : Starting EventReviewApplicationTests using Java 17.0.13 with PID 1396413 (started by ec2-user in /home/ec2-user/event-review)
2024-12-28T04:19:43.657Z  INFO 1396413 --- [event-review] [           main] c.e.e.EventReviewApplicationTests        : No active profile set, falling back to 1 default profile: "default"
2024-12-28T04:19:44.703Z  INFO 1396413 --- [event-review] [           main] .s.d.r.c.RepositoryConfigurationDelegate : Bootstrapping Spring Data JPA repositories in DEFAULT mode.
2024-12-28T04:19:44.825Z  INFO 1396413 --- [event-review] [           main] .s.d.r.c.RepositoryConfigurationDelegate : Finished Spring Data repository scanning in 106 ms. Found 9 JPA repository interfaces.
2024-12-28T04:19:45.576Z  INFO 1396413 --- [event-review] [           main] o.hibernate.jpa.internal.util.LogHelper  : HHH000204: Processing PersistenceUnitInfo [name: default]
2024-12-28T04:19:45.618Z  INFO 1396413 --- [event-review] [           main] org.hibernate.Version                    : HHH000412: Hibernate ORM core version 6.5.3.Final
2024-12-28T04:19:45.650Z  INFO 1396413 --- [event-review] [           main] o.h.c.internal.RegionFactoryInitiator    : HHH000026: Second-level cache disabled
2024-12-28T04:19:46.040Z  INFO 1396413 --- [event-review] [           main] o.s.o.j.p.SpringPersistenceUnitInfo      : No LoadTimeWeaver setup: ignoring JPA class transformer
2024-12-28T04:19:46.087Z  INFO 1396413 --- [event-review] [           main] com.zaxxer.hikari.HikariDataSource       : HikariPool-1 - Starting...
2024-12-28T04:19:46.703Z  INFO 1396413 --- [event-review] [           main] com.zaxxer.hikari.pool.HikariPool        : HikariPool-1 - Added connection com.mysql.cj.jdbc.ConnectionImpl@2404abe2
2024-12-28T04:19:46.708Z  INFO 1396413 --- [event-review] [           main] com.zaxxer.hikari.HikariDataSource       : HikariPool-1 - Start completed.
2024-12-28T04:19:46.780Z  WARN 1396413 --- [event-review] [           main] org.hibernate.orm.deprecation            : HHH90000025: MySQLDialect does not need to be specified explicitly using 'hibernate.dialect' (remove the property setting and it will be selected by default)
2024-12-28T04:19:48.209Z  INFO 1396413 --- [event-review] [           main] o.h.e.t.j.p.i.JtaPlatformInitiator       : HHH000489: No JTA platform available (set 'hibernate.transaction.jta.platform' to enable JTA platform integration)
2024-12-28T04:19:48.391Z  INFO 1396413 --- [event-review] [           main] j.LocalContainerEntityManagerFactoryBean : Initialized JPA EntityManagerFactory for persistence unit 'default'
2024-12-28T04:19:49.193Z  WARN 1396413 --- [event-review] [           main] JpaBaseConfiguration$JpaWebConfiguration : spring.jpa.open-in-view is enabled by default. Therefore, database queries may be performed during view rendering. Explicitly configure spring.jpa.open-in-view to disable this warning
2024-12-28T04:19:49.730Z  INFO 1396413 --- [event-review] [           main] c.e.e.EventReviewApplicationTests        : Started EventReviewApplicationTests in 6.382 seconds (process running for 7.51)
]]></system-out>
  </testcase>
</testsuite>